<?xml version="1.0" encoding="UTF-8"?>
<testsuite name="co.edu.unal.paralela.StudentAnalyticsTest" time="1.97" tests="6" errors="4" skipped="0" failures="0">
  <properties>
[...]
</properties>
  <testcase name="testAverageAgeOfEnrolledStudents" classname="co.edu.unal.paralela.StudentAnalyticsTest" time="0.329"/>
  <testcase name="testMostCommonFirstNameOfInactiveStudents" classname="co.edu.unal.paralela.StudentAnalyticsTest" time="0.287">
    <error type="java.lang.UnsupportedOperationException">java.lang.UnsupportedOperationException
	at co.edu.unal.paralela.StudentAnalytics.mostCommonFirstNameOfInactiveStudentsParallelStream(StudentAnalytics.java:107)
	at co.edu.unal.paralela.StudentAnalyticsTest.mostCommonFirstNameOfInactiveStudentsHelper(StudentAnalyticsTest.java:91)
	at co.edu.unal.paralela.StudentAnalyticsTest.testMostCommonFirstNameOfInactiveStudents(StudentAnalyticsTest.java:107)
</error>
  </testcase>
  <testcase name="testCountNumberOfFailedStudentsOlderThan20" classname="co.edu.unal.paralela.StudentAnalyticsTest" time="0.161">
    <error type="java.lang.UnsupportedOperationException">java.lang.UnsupportedOperationException
	at co.edu.unal.paralela.StudentAnalytics.countNumberOfFailedStudentsOlderThan20ParallelStream(StudentAnalytics.java:142)
	at co.edu.unal.paralela.StudentAnalyticsTest.countNumberOfFailedStudentsOlderThan20Helper(StudentAnalyticsTest.java:134)
	at co.edu.unal.paralela.StudentAnalyticsTest.testCountNumberOfFailedStudentsOlderThan20(StudentAnalyticsTest.java:150)
</error>
  </testcase>
  <testcase name="testAverageAgeOfEnrolledStudentsPerf" classname="co.edu.unal.paralela.StudentAnalyticsTest" time="0.28"/>
  <testcase name="testCountNumberOfFailedStudentsOlderThan20Perf" classname="co.edu.unal.paralela.StudentAnalyticsTest" time="0.244">
    <error type="java.lang.UnsupportedOperationException">java.lang.UnsupportedOperationException
	at co.edu.unal.paralela.StudentAnalytics.countNumberOfFailedStudentsOlderThan20ParallelStream(StudentAnalytics.java:142)
	at co.edu.unal.paralela.StudentAnalyticsTest.countNumberOfFailedStudentsOlderThan20Helper(StudentAnalyticsTest.java:134)
	at co.edu.unal.paralela.StudentAnalyticsTest.testCountNumberOfFailedStudentsOlderThan20Perf(StudentAnalyticsTest.java:158)
</error>
  </testcase>
  <testcase name="testMostCommonFirstNameOfInactiveStudentsPerf" classname="co.edu.unal.paralela.StudentAnalyticsTest" time="0.669">
    <error type="java.lang.UnsupportedOperationException">java.lang.UnsupportedOperationException
	at co.edu.unal.paralela.StudentAnalytics.mostCommonFirstNameOfInactiveStudentsParallelStream(StudentAnalytics.java:107)
	at co.edu.unal.paralela.StudentAnalyticsTest.mostCommonFirstNameOfInactiveStudentsHelper(StudentAnalyticsTest.java:91)
	at co.edu.unal.paralela.StudentAnalyticsTest.testMostCommonFirstNameOfInactiveStudentsPerf(StudentAnalyticsTest.java:115)
</error>
  </testcase>
</testsuite>